[+] Containers:
 |- [+] Container: /Game/_ZombieProject/Maps/Mario
 |   |- [+] ActorDescs:
 |   |   |- Guid:0944B1194FAE92D9F9D3B9BD4F9196F0 BaseClass: NativeClass:/Script/Engine.StaticMeshActor Name:StaticMeshActor_UAID_309C2303EAC2658501_1453430405 Label:SM_Cube30 SpatiallyLoaded:1 Bounds:IsValid=true, Min=(X=-4779.444 Y=8813.468 Z=-50.000), Max=(X=-3635.985 Y=8863.468 Z=248.305) RuntimeGrid:None EditorOnly:0 RuntimeOnly:0 HLODRelevant:1 FolderPath:Playground FolderGuid:6C02BB504B69D1F3D7A624B130C18E5B
 |   |   |- Guid:0A36EA1B46E8337953477C9A0AFF59E2 BaseClass: NativeClass:/Script/Engine.StaticMeshActor Name:StaticMeshActor_UAID_309C2303EAC2678501_1700742763 Label:SM_Cube35 SpatiallyLoaded:1 Bounds:IsValid=true, Min=(X=-4761.254 Y=7954.304 Z=-50.000), Max=(X=-3138.713 Y=8004.304 Z=349.443) RuntimeGrid:None EditorOnly:0 RuntimeOnly:0 HLODRelevant:1 FolderPath:Playground FolderGuid:6C02BB504B69D1F3D7A624B130C18E5B
 |   |   |- Guid:0F2EE4F64208D7DDACC37DB7BC48A3F3 BaseClass: NativeClass:/Script/Engine.StaticMeshActor Name:StaticMeshActor_UAID_309C2303EAC2658501_1589534407 Label:SM_Cube32 SpatiallyLoaded:1 Bounds:IsValid=true, Min=(X=-4729.056 Y=8813.469 Z=247.151), Max=(X=-3153.409 Y=8863.469 Z=347.570) RuntimeGrid:None EditorOnly:0 RuntimeOnly:0 HLODRelevant:1 FolderPath:Playground FolderGuid:6C02BB504B69D1F3D7A624B130C18E5B
 |   |   |- Guid:143A611E431DEC9EA7CFC6A3E66CDE58 BaseClass: NativeClass:/Script/Engine.StaticMeshActor Name:StaticMeshActor_UAID_309C2303EAC2648501_2007175226 Label:SM_Cube27 SpatiallyLoaded:1 Bounds:IsValid=true, Min=(X=-5731.618 Y=9104.795 Z=-50.000), Max=(X=-5202.677 Y=9154.795 Z=416.623) RuntimeGrid:None EditorOnly:0 RuntimeOnly:0 HLODRelevant:1 FolderPath:Playground FolderGuid:6C02BB504B69D1F3D7A624B130C18E5B
 |   |   |- Guid:14DDFD4848385C8C5961958FF6048628 BaseClass: NativeClass:/Script/Engine.PlayerStart Name:PlayerStart_0 Label:PlayerStart SpatiallyLoaded:0 Bounds:IsValid=true, Min=(X=-4784.561 Y=8613.438 Z=0.013), Max=(X=-4704.561 Y=8693.438 Z=184.013) RuntimeGrid:None EditorOnly:0 RuntimeOnly:0 HLODRelevant:0
 |   |   |- Guid:256D218D4577324B1559998BFBD3C892 BaseClass:/Game/ModernHouse/Blueprints/BP_Backside_Door.BP_Backside_Door_C NativeClass:/Script/Engine.Actor Name:BP_Backside_Door_C_UAID_B42E99C07872828701_2006413600 Label:BP_Backside_Door2 SpatiallyLoaded:1 Bounds:IsValid=true, Min=(X=-5781.249 Y=8809.502 Z=-43.108), Max=(X=-5613.186 Y=8964.795 Z=368.476) RuntimeGrid:None EditorOnly:0 RuntimeOnly:0 HLODRelevant:0
 |   |   |- Guid:2E454FE9448F0AF7615D46AF79DAD856 BaseClass: NativeClass:/Script/Engine.StaticMeshActor Name:StaticMeshActor_UAID_B42E99C07872928701_1214832420 Label:SM_Cube37 SpatiallyLoaded:1 Bounds:IsValid=true, Min=(X=-5730.701 Y=8731.888 Z=355.448), Max=(X=-5680.701 Y=9017.470 Z=463.875) RuntimeGrid:None EditorOnly:0 RuntimeOnly:0 HLODRelevant:1 FolderPath:Playground FolderGuid:6C02BB504B69D1F3D7A624B130C18E5B
 |   |   |- Guid:2F0AA76E420C0D199E64E38E60A908BF BaseClass: NativeClass:/Script/Engine.StaticMeshActor Name:StaticMeshActor_UAID_B42E99C07872928701_1139568419 Label:SM_Cube34 SpatiallyLoaded:1 Bounds:IsValid=true, Min=(X=-4779.056 Y=7863.553 Z=-20.008), Max=(X=-4729.056 Y=8185.134 Z=367.855) RuntimeGrid:None EditorOnly:0 RuntimeOnly:0 HLODRelevant:1 FolderPath:Playground FolderGuid:6C02BB504B69D1F3D7A624B130C18E5B
 |   |   |- Guid:30148EBD4F58ABD230CCC483ECAFF010 BaseClass: NativeClass:/Script/Engine.StaticMeshActor Name:StaticMeshActor_UAID_309C2303EAC2648501_1630442223 Label:SM_Cube24 SpatiallyLoaded:1 Bounds:IsValid=true, Min=(X=-4779.056 Y=8762.025 Z=-107.691), Max=(X=-4729.056 Y=8863.400 Z=249.110) RuntimeGrid:None EditorOnly:0 RuntimeOnly:0 HLODRelevant:1 FolderPath:Playground FolderGuid:6C02BB504B69D1F3D7A624B130C18E5B
 |   |   |- Guid:404B607F460DE9DF12B79389595FAD5A BaseClass: NativeClass:/Script/Engine.PointLight Name:PointLight_UAID_309C2303EAC2738501_2094653886 Label:PointLight5 SpatiallyLoaded:1 Bounds:IsValid=true, Min=(X=-6098.340 Y=5939.275 Z=-747.451), Max=(X=-4098.340 Y=7939.275 Z=1252.549) RuntimeGrid:None EditorOnly:0 RuntimeOnly:0 HLODRelevant:0
 |   |   |- Guid:40A1066D4D01E0275E615B925C2725C7 BaseClass: NativeClass:/Script/Engine.StaticMeshActor Name:StaticMeshActor_UAID_309C2303EAC2678501_1731377764 Label:SM_Cube36 SpatiallyLoaded:1 Bounds:IsValid=true, Min=(X=-3842.220 Y=7953.052 Z=-50.000), Max=(X=-3792.220 Y=8855.212 Z=349.443) RuntimeGrid:None EditorOnly:0 RuntimeOnly:0 HLODRelevant:1 FolderPath:Playground FolderGuid:6C02BB504B69D1F3D7A624B130C18E5B
 |   |   |- Guid:457048494504D52F24ECBDA6BE95F133 BaseClass: NativeClass:/Script/Engine.StaticMeshActor Name:StaticMeshActor_UAID_B42E99C078727A8701_1149838195 Label:SM_Cube47 SpatiallyLoaded:1 Bounds:IsValid=true, Min=(X=-4695.351 Y=9104.795 Z=-50.000), Max=(X=-3129.324 Y=9154.795 Z=429.264) RuntimeGrid:None EditorOnly:0 RuntimeOnly:0 HLODRelevant:1 FolderPath:Playground FolderGuid:6C02BB504B69D1F3D7A624B130C18E5B
 |   |   |- Guid:46C87DFC42B36521408FDB864387C711 BaseClass: NativeClass:/Script/Engine.SkyLight Name:SkyLight_0 Label:SkyLight SpatiallyLoaded:0 Bounds:IsValid=true, Min=(X=-9812.636 Y=-0.000 Z=690.000), Max=(X=-9812.636 Y=-0.000 Z=690.000) RuntimeGrid:None EditorOnly:0 RuntimeOnly:0 HLODRelevant:0 FolderPath:Lighting FolderGuid:0BA5F0A04EADB18E70D5B180D08FA34B
 |   |   |- Guid:4F6735694CEF38730FF58A96F40A01AD BaseClass:/Game/ModernHouse/Blueprints/BP_Backside_Door.BP_Backside_Door_C NativeClass:/Script/Engine.Actor Name:BP_Backside_Door_C_UAID_B42E99C07872918701_2030904242 Label:BP_Backside_Door3 SpatiallyLoaded:1 Bounds:IsValid=true, Min=(X=-5790.273 Y=7738.813 Z=136.983), Max=(X=-5622.210 Y=8160.891 Z=250.878) RuntimeGrid:None EditorOnly:0 RuntimeOnly:0 HLODRelevant:0
 |   |   |- Guid:4FE35ED843EEED93C06EFDB35C3C6482 BaseClass: NativeClass:/Script/Engine.PointLight Name:PointLight_UAID_309C2303EAC2738501_2033237882 Label:PointLight2 SpatiallyLoaded:1 Bounds:IsValid=true, Min=(X=-4539.606 Y=7480.902 Z=-755.400), Max=(X=-2539.606 Y=9480.902 Z=1244.600) RuntimeGrid:None EditorOnly:0 RuntimeOnly:0 HLODRelevant:0
 |   |   |- Guid:5D55548A434E15A63BA413959748538E BaseClass:/Game/ModernHouse/Blueprints/BP_Backside_Door.BP_Backside_Door_C NativeClass:/Script/Engine.Actor Name:BP_Backside_Door_C_UAID_309C2303EAC2A08501_1807704773 Label:BP_Backside_Door SpatiallyLoaded:1 Bounds:IsValid=true, Min=(X=-5118.970 Y=9037.462 Z=139.810), Max=(X=-4696.892 Y=9205.525 Z=253.705) RuntimeGrid:None EditorOnly:0 RuntimeOnly:0 HLODRelevant:0
 |   |   |- Guid:5FCD1D3F494CD1C6DA6D4CB4F8D27736 BaseClass: NativeClass:/Script/Engine.PointLight Name:PointLight_UAID_309C2303EAC2738501_1999075881 Label:PointLight SpatiallyLoaded:1 Bounds:IsValid=true, Min=(X=-6590.313 Y=8020.832 Z=-747.451), Max=(X=-4590.313 Y=10020.832 Z=1252.549) RuntimeGrid:None EditorOnly:0 RuntimeOnly:0 HLODRelevant:0
 |   |   |- Guid:628550484C6FA77DD6B62188EBDC627B BaseClass: NativeClass:/Script/Engine.StaticMeshActor Name:StaticMeshActor_UAID_B42E99C07872918701_2030903241 Label:SM_Cube42 SpatiallyLoaded:1 Bounds:IsValid=true, Min=(X=-5730.701 Y=7722.304 Z=-50.000), Max=(X=-5680.701 Y=8158.718 Z=136.082) RuntimeGrid:None EditorOnly:0 RuntimeOnly:0 HLODRelevant:1 FolderPath:Playground FolderGuid:6C02BB504B69D1F3D7A624B130C18E5B
 |   |   |- Guid:6786BFF943B7E3CDB6CD90BB3AE46BF2 BaseClass: NativeClass:/Script/Engine.StaticMeshActor Name:StaticMeshActor_UAID_309C2303EAC29E8501_1813280417 Label:SM_Cube45 SpatiallyLoaded:1 Bounds:IsValid=true, Min=(X=-5730.701 Y=8961.623 Z=-50.000), Max=(X=-5680.701 Y=9119.196 Z=416.508) RuntimeGrid:None EditorOnly:0 RuntimeOnly:0 HLODRelevant:1 FolderPath:Playground FolderGuid:6C02BB504B69D1F3D7A624B130C18E5B
 |   |   |- Guid:693971244F10313C88AD6D9437D2EB50 BaseClass: NativeClass:/Script/Engine.PointLight Name:PointLight_UAID_309C2303EAC29A8501_2079871712 Label:PointLight7 SpatiallyLoaded:1 Bounds:IsValid=true, Min=(X=-4340.673 Y=7891.735 Z=-747.451), Max=(X=-2340.673 Y=9891.735 Z=1252.549) RuntimeGrid:None EditorOnly:0 RuntimeOnly:0 HLODRelevant:0
 |   |   |- Guid:6CD74D3A449C91564D0F2F89664DF384 BaseClass: NativeClass:/Script/Engine.StaticMeshActor Name:StaticMeshActor_UAID_309C2303EAC2748501_1225982065 Label:SM_Cube43 SpatiallyLoaded:1 Bounds:IsValid=true, Min=(X=-5754.728 Y=4620.890 Z=-35.112), Max=(X=-3142.049 Y=4670.890 Z=429.730) RuntimeGrid:None EditorOnly:0 RuntimeOnly:0 HLODRelevant:1 FolderPath:Playground FolderGuid:6C02BB504B69D1F3D7A624B130C18E5B
 |   |   |- Guid:7C8E017E43405270558C79A661DD6DB8 BaseClass: NativeClass:/Script/Engine.StaticMeshActor Name:StaticMeshActor_UAID_309C2303EAC2658501_1849769408 Label:SM_Cube33 SpatiallyLoaded:1 Bounds:IsValid=true, Min=(X=-3185.980 Y=4406.616 Z=-50.000), Max=(X=-3135.980 Y=9154.301 Z=349.443) RuntimeGrid:None EditorOnly:0 RuntimeOnly:0 HLODRelevant:1 FolderPath:Playground FolderGuid:6C02BB504B69D1F3D7A624B130C18E5B
 |   |   |- Guid:815E9D414F06CFB6540689A2C668D013 BaseClass: NativeClass:/Script/Engine.StaticMeshActor Name:StaticMeshActor_UAID_309C2303EAC29E8501_1808527416 Label:Glass SpatiallyLoaded:1 Bounds:IsValid=true, Min=(X=-5685.375 Y=8807.550 Z=-50.000), Max=(X=-5680.701 Y=8950.407 Z=352.186) RuntimeGrid:None EditorOnly:0 RuntimeOnly:0 HLODRelevant:1 FolderPath:Playground FolderGuid:6C02BB504B69D1F3D7A624B130C18E5B
 |   |   |- Guid:849B41424F1C244855A3D99E6B346315 BaseClass: NativeClass:/Script/Engine.StaticMeshActor Name:StaticMeshActor_UAID_309C2303EAC2648501_1671791224 Label:SM_Cube25 SpatiallyLoaded:1 Bounds:IsValid=true, Min=(X=-4779.056 Y=4460.892 Z=243.758), Max=(X=-4729.056 Y=8863.404 Z=446.967) RuntimeGrid:None EditorOnly:0 RuntimeOnly:0 HLODRelevant:1 FolderPath:Playground FolderGuid:6C02BB504B69D1F3D7A624B130C18E5B
 |   |   |- Guid:8A05B17B437E02602617229AC2B95AFD BaseClass: NativeClass:/Script/NavigationSystem.RecastNavMesh Name:RecastNavMesh_UAID_309C2303EAC2E97701-Default Label:RecastNavMesh-Default SpatiallyLoaded:0 Bounds:IsValid=true, Min=(X=0.000 Y=0.000 Z=0.000), Max=(X=0.000 Y=0.000 Z=0.000) RuntimeGrid:None EditorOnly:0 RuntimeOnly:0 HLODRelevant:0
 |   |   |- Guid:8ACD9A4B41446834DD8ECE8EAA66A7B0 BaseClass: NativeClass:/Script/Engine.StaticMeshActor Name:StaticMeshActor_UAID_309C2303EAC2658501_1150090403 Label:SM_Cube28 SpatiallyLoaded:1 Bounds:IsValid=true, Min=(X=-5730.701 Y=8158.718 Z=-50.000), Max=(X=-5680.701 Y=8807.310 Z=415.522) RuntimeGrid:None EditorOnly:0 RuntimeOnly:0 HLODRelevant:1 FolderPath:Playground FolderGuid:6C02BB504B69D1F3D7A624B130C18E5B
 |   |   |- Guid:909620B94F9677A170E60E8A1E6FC93D BaseClass: NativeClass:/Script/Engine.StaticMeshActor Name:StaticMeshActor_UAID_B42E99C07872918701_2030895240 Label:SM_Cube48 SpatiallyLoaded:1 Bounds:IsValid=true, Min=(X=-5730.701 Y=7365.451 Z=252.364), Max=(X=-5680.701 Y=8158.718 Z=415.522) RuntimeGrid:None EditorOnly:0 RuntimeOnly:0 HLODRelevant:1 FolderPath:Playground FolderGuid:6C02BB504B69D1F3D7A624B130C18E5B
 |   |   |- Guid:9183C792494A4AEC0D89C29344735515 BaseClass: NativeClass:/Script/Engine.StaticMeshActor Name:StaticMeshActor_UAID_309C2303EAC2658501_1534934406 Label:SM_Cube31 SpatiallyLoaded:1 Bounds:IsValid=true, Min=(X=-3443.508 Y=8813.263 Z=-50.000), Max=(X=-3151.673 Y=8863.263 Z=246.927) RuntimeGrid:None EditorOnly:0 RuntimeOnly:0 HLODRelevant:1 FolderPath:Playground FolderGuid:6C02BB504B69D1F3D7A624B130C18E5B
 |   |   |- Guid:9203DC614FD90ADA8FB7138C81CA3092 BaseClass: NativeClass:/Script/Engine.PostProcessVolume Name:PostProcessVolume_0 Label:PostProcessVolume SpatiallyLoaded:0 Bounds:IsValid=true, Min=(X=-10512.802 Y=0.000 Z=400.000), Max=(X=-10312.802 Y=200.000 Z=600.000) RuntimeGrid:None EditorOnly:0 RuntimeOnly:0 HLODRelevant:0 FolderPath:Lighting FolderGuid:0BA5F0A04EADB18E70D5B180D08FA34B
 |   |   |- Guid:9218A93C4B54CE408FD58DAD0A1556EB BaseClass: NativeClass:/Script/Engine.StaticMeshActor Name:StaticMeshActor_UAID_309C2303EAC2A08501_1790971772 Label:SM_Cube41 SpatiallyLoaded:1 Bounds:IsValid=true, Min=(X=-5131.765 Y=9104.795 Z=-50.000), Max=(X=-4695.351 Y=9154.795 Z=136.082) RuntimeGrid:None EditorOnly:0 RuntimeOnly:0 HLODRelevant:1 FolderPath:Playground FolderGuid:6C02BB504B69D1F3D7A624B130C18E5B
 |   |   |- Guid:9AEABCD04D6C8DC432F878A768962E97 BaseClass: NativeClass:/Script/Engine.StaticMeshActor Name:StaticMeshActor_UAID_309C2303EAC2A08501_2130949774 Label:SM_Cube46 SpatiallyLoaded:1 Bounds:IsValid=true, Min=(X=-5202.677 Y=9104.795 Z=253.465), Max=(X=-4409.410 Y=9154.795 Z=416.623) RuntimeGrid:None EditorOnly:0 RuntimeOnly:0 HLODRelevant:1 FolderPath:Playground FolderGuid:6C02BB504B69D1F3D7A624B130C18E5B
 |   |   |- Guid:9C94685A4D65F163EA1FD3A9EC7A7442 BaseClass: NativeClass:/Script/Engine.VolumetricCloud Name:VolumetricCloud_0 Label:VolumetricCloud SpatiallyLoaded:0 Bounds:IsValid=true, Min=(X=-10232.534 Y=0.000 Z=820.000), Max=(X=-10232.534 Y=0.000 Z=820.000) RuntimeGrid:None EditorOnly:0 RuntimeOnly:0 HLODRelevant:0 FolderPath:Lighting FolderGuid:0BA5F0A04EADB18E70D5B180D08FA34B
 |   |   |- Guid:9F8E80164A451AD4906EFEB4DE00BEB5 BaseClass: NativeClass:/Script/NavigationSystem.NavMeshBoundsVolume Name:NavMeshBoundsVolume_UAID_309C2303EAC2E97701_1613546833 Label:NavMeshBoundsVolume SpatiallyLoaded:0 Bounds:IsValid=true, Min=(X=-5980.652 Y=5759.690 Z=-45.000), Max=(X=-2830.652 Y=9409.690 Z=505.000) RuntimeGrid:None EditorOnly:0 RuntimeOnly:0 HLODRelevant:0
 |   |   |- Guid:AE41E62C4065546FA9117BACA6FCAB74 BaseClass: NativeClass:/Script/Engine.StaticMeshActor Name:StaticMeshActor_UAID_309C2303EAC2648501_1977376225 Label:SM_Cube26 SpatiallyLoaded:1 Bounds:IsValid=true, Min=(X=-5695.053 Y=8162.296 Z=-50.000), Max=(X=-5125.294 Y=8212.296 Z=414.766) RuntimeGrid:None EditorOnly:0 RuntimeOnly:0 HLODRelevant:1 FolderPath:Playground FolderGuid:6C02BB504B69D1F3D7A624B130C18E5B
 |   |   |- Guid:AF9A68C14FECE2252B2193A3ABF11F06 BaseClass: NativeClass:/Script/Engine.PointLight Name:PointLight_UAID_B42E99C07872828701_1983147599 Label:PointLight8 SpatiallyLoaded:1 Bounds:IsValid=true, Min=(X=-5938.975 Y=3721.393 Z=-747.451), Max=(X=-3938.975 Y=5721.393 Z=1252.549) RuntimeGrid:None EditorOnly:0 RuntimeOnly:0 HLODRelevant:0
 |   |   |- Guid:B186311A42868842A55AC687B04F08BD BaseClass: NativeClass:/Script/Engine.SkyAtmosphere Name:SkyAtmosphere_0 Label:SkyAtmosphere SpatiallyLoaded:0 Bounds:IsValid=true, Min=(X=-10408.102 Y=-0.000 Z=1020.000), Max=(X=-10408.102 Y=-0.000 Z=1020.000) RuntimeGrid:None EditorOnly:0 RuntimeOnly:0 HLODRelevant:0 FolderPath:Lighting FolderGuid:0BA5F0A04EADB18E70D5B180D08FA34B
 |   |   |- Guid:B219E0A74CAEC9C12CB5DF908A098310 BaseClass: NativeClass:/Script/Engine.ExponentialHeightFog Name:ExponentialHeightFog_0 Label:ExponentialHeightFog SpatiallyLoaded:0 Bounds:IsValid=true, Min=(X=-17321.299 Y=-50.000 Z=-6850.000), Max=(X=-17321.299 Y=-50.000 Z=-6850.000) RuntimeGrid:None EditorOnly:0 RuntimeOnly:0 HLODRelevant:0 FolderPath:Lighting FolderGuid:0BA5F0A04EADB18E70D5B180D08FA34B
 |   |   |- Guid:B927EAE8497FF030C5D8D380CDBAC011 BaseClass: NativeClass:/Script/Engine.WorldDataLayers Name:WorldDataLayers Label:WorldDataLayers SpatiallyLoaded:0 Bounds:IsValid=true, Min=(X=0.000 Y=0.000 Z=0.000), Max=(X=0.000 Y=0.000 Z=0.000) RuntimeGrid:None EditorOnly:0 RuntimeOnly:0 HLODRelevant:0
 |   |   |- Guid:C772B724485B0072557457B70A837A4F BaseClass: NativeClass:/Script/Engine.StaticMeshActor Name:StaticMeshActor_UAID_309C2303EAC2A08501_1678323771 Label:SM_Cube40 SpatiallyLoaded:1 Bounds:IsValid=true, Min=(X=-5208.316 Y=9066.040 Z=-50.236), Max=(X=-5113.145 Y=9116.040 Z=416.603) RuntimeGrid:None EditorOnly:0 RuntimeOnly:0 HLODRelevant:1 FolderPath:Playground FolderGuid:6C02BB504B69D1F3D7A624B130C18E5B
 |   |   |- Guid:CA6CBD8843F49E941B24ED8CC0407851 BaseClass: NativeClass:/Script/Engine.StaticMeshActor Name:StaticMeshActor_UAID_309C2303EAC2658501_1345782404 Label:SM_Cube29 SpatiallyLoaded:1 Bounds:IsValid=true, Min=(X=-5729.694 Y=4670.890 Z=-35.112), Max=(X=-3142.049 Y=9149.297 Z=14.888) RuntimeGrid:None EditorOnly:0 RuntimeOnly:0 HLODRelevant:1 FolderPath:Playground FolderGuid:6C02BB504B69D1F3D7A624B130C18E5B
 |   |   |- Guid:CFF5380F4BDDFA6FBCEB08B1498E02C1 BaseClass: NativeClass:/Script/Engine.PointLight Name:PointLight_UAID_309C2303EAC2738501_2096978887 Label:PointLight6 SpatiallyLoaded:1 Bounds:IsValid=true, Min=(X=-6086.426 Y=3566.845 Z=-747.451), Max=(X=-4086.426 Y=5566.845 Z=1252.549) RuntimeGrid:None EditorOnly:0 RuntimeOnly:0 HLODRelevant:0
 |   |   |- Guid:EA87B70F49788A928E2323BDCD22853A BaseClass: NativeClass:/Script/Engine.PointLight Name:PointLight_UAID_309C2303EAC2738501_2092126885 Label:PointLight4 SpatiallyLoaded:1 Bounds:IsValid=true, Min=(X=-6100.490 Y=6980.916 Z=-747.451), Max=(X=-4100.490 Y=8980.916 Z=1252.549) RuntimeGrid:None EditorOnly:0 RuntimeOnly:0 HLODRelevant:0
 |   |   |- Guid:EEB6B81A42F894A6102835BB3A677D5A BaseClass: NativeClass:/Script/Engine.StaticMeshActor Name:StaticMeshActor_UAID_309C2303EAC2638501_1490952045 Label:SM_Cube23 SpatiallyLoaded:1 Bounds:IsValid=true, Min=(X=-5175.294 Y=4682.091 Z=-50.000), Max=(X=-5125.294 Y=8212.296 Z=362.609) RuntimeGrid:None EditorOnly:0 RuntimeOnly:0 HLODRelevant:1 FolderPath:Playground FolderGuid:6C02BB504B69D1F3D7A624B130C18E5B
 |   |   |- Guid:F472FD1C4F005EC323E652BDAAE46B94 BaseClass: NativeClass:/Script/Engine.DirectionalLight Name:DirectionalLight_1 Label:DirectionalLight SpatiallyLoaded:0 Bounds:IsValid=true, Min=(X=-4398046511104.000 Y=-4398046511104.000 Z=-4398046511104.000), Max=(X=4398046511104.000 Y=4398046511104.000 Z=4398046511104.000) RuntimeGrid:None EditorOnly:0 RuntimeOnly:0 HLODRelevant:0 FolderPath:Lighting FolderGuid:0BA5F0A04EADB18E70D5B180D08FA34B
 |   |- [+] Clusters:
 |   |   |- [+] [  0]
 |   |   |   |- Guid:B927EAE8497FF030C5D8D380CDBAC011 BaseClass: NativeClass:/Script/Engine.WorldDataLayers Name:WorldDataLayers Label:WorldDataLayers SpatiallyLoaded:0 Bounds:IsValid=true, Min=(X=0.000 Y=0.000 Z=0.000), Max=(X=0.000 Y=0.000 Z=0.000) RuntimeGrid:None EditorOnly:0 RuntimeOnly:0 HLODRelevant:0
 |   |   |- [+] [  1]
 |   |   |   |- Guid:404B607F460DE9DF12B79389595FAD5A BaseClass: NativeClass:/Script/Engine.PointLight Name:PointLight_UAID_309C2303EAC2738501_2094653886 Label:PointLight5 SpatiallyLoaded:1 Bounds:IsValid=true, Min=(X=-6098.340 Y=5939.275 Z=-747.451), Max=(X=-4098.340 Y=7939.275 Z=1252.549) RuntimeGrid:None EditorOnly:0 RuntimeOnly:0 HLODRelevant:0
 |   |   |- [+] [  2]
 |   |   |   |- Guid:256D218D4577324B1559998BFBD3C892 BaseClass:/Game/ModernHouse/Blueprints/BP_Backside_Door.BP_Backside_Door_C NativeClass:/Script/Engine.Actor Name:BP_Backside_Door_C_UAID_B42E99C07872828701_2006413600 Label:BP_Backside_Door2 SpatiallyLoaded:1 Bounds:IsValid=true, Min=(X=-5781.249 Y=8809.502 Z=-43.108), Max=(X=-5613.186 Y=8964.795 Z=368.476) RuntimeGrid:None EditorOnly:0 RuntimeOnly:0 HLODRelevant:0
 |   |   |- [+] [  3]
 |   |   |   |- Guid:4FE35ED843EEED93C06EFDB35C3C6482 BaseClass: NativeClass:/Script/Engine.PointLight Name:PointLight_UAID_309C2303EAC2738501_2033237882 Label:PointLight2 SpatiallyLoaded:1 Bounds:IsValid=true, Min=(X=-4539.606 Y=7480.902 Z=-755.400), Max=(X=-2539.606 Y=9480.902 Z=1244.600) RuntimeGrid:None EditorOnly:0 RuntimeOnly:0 HLODRelevant:0
 |   |   |- [+] [  4]
 |   |   |   |- Guid:B186311A42868842A55AC687B04F08BD BaseClass: NativeClass:/Script/Engine.SkyAtmosphere Name:SkyAtmosphere_0 Label:SkyAtmosphere SpatiallyLoaded:0 Bounds:IsValid=true, Min=(X=-10408.102 Y=-0.000 Z=1020.000), Max=(X=-10408.102 Y=-0.000 Z=1020.000) RuntimeGrid:None EditorOnly:0 RuntimeOnly:0 HLODRelevant:0 FolderPath:Lighting FolderGuid:0BA5F0A04EADB18E70D5B180D08FA34B
 |   |   |- [+] [  5]
 |   |   |   |- Guid:9203DC614FD90ADA8FB7138C81CA3092 BaseClass: NativeClass:/Script/Engine.PostProcessVolume Name:PostProcessVolume_0 Label:PostProcessVolume SpatiallyLoaded:0 Bounds:IsValid=true, Min=(X=-10512.802 Y=0.000 Z=400.000), Max=(X=-10312.802 Y=200.000 Z=600.000) RuntimeGrid:None EditorOnly:0 RuntimeOnly:0 HLODRelevant:0 FolderPath:Lighting FolderGuid:0BA5F0A04EADB18E70D5B180D08FA34B
 |   |   |- [+] [  6]
 |   |   |   |- Guid:AF9A68C14FECE2252B2193A3ABF11F06 BaseClass: NativeClass:/Script/Engine.PointLight Name:PointLight_UAID_B42E99C07872828701_1983147599 Label:PointLight8 SpatiallyLoaded:1 Bounds:IsValid=true, Min=(X=-5938.975 Y=3721.393 Z=-747.451), Max=(X=-3938.975 Y=5721.393 Z=1252.549) RuntimeGrid:None EditorOnly:0 RuntimeOnly:0 HLODRelevant:0
 |   |   |- [+] [  7]
 |   |   |   |- Guid:9F8E80164A451AD4906EFEB4DE00BEB5 BaseClass: NativeClass:/Script/NavigationSystem.NavMeshBoundsVolume Name:NavMeshBoundsVolume_UAID_309C2303EAC2E97701_1613546833 Label:NavMeshBoundsVolume SpatiallyLoaded:0 Bounds:IsValid=true, Min=(X=-5980.652 Y=5759.690 Z=-45.000), Max=(X=-2830.652 Y=9409.690 Z=505.000) RuntimeGrid:None EditorOnly:0 RuntimeOnly:0 HLODRelevant:0
 |   |   |- [+] [  8]
 |   |   |   |- Guid:4F6735694CEF38730FF58A96F40A01AD BaseClass:/Game/ModernHouse/Blueprints/BP_Backside_Door.BP_Backside_Door_C NativeClass:/Script/Engine.Actor Name:BP_Backside_Door_C_UAID_B42E99C07872918701_2030904242 Label:BP_Backside_Door3 SpatiallyLoaded:1 Bounds:IsValid=true, Min=(X=-5790.273 Y=7738.813 Z=136.983), Max=(X=-5622.210 Y=8160.891 Z=250.878) RuntimeGrid:None EditorOnly:0 RuntimeOnly:0 HLODRelevant:0
 |   |   |- [+] [  9]
 |   |   |   |- Guid:EA87B70F49788A928E2323BDCD22853A BaseClass: NativeClass:/Script/Engine.PointLight Name:PointLight_UAID_309C2303EAC2738501_2092126885 Label:PointLight4 SpatiallyLoaded:1 Bounds:IsValid=true, Min=(X=-6100.490 Y=6980.916 Z=-747.451), Max=(X=-4100.490 Y=8980.916 Z=1252.549) RuntimeGrid:None EditorOnly:0 RuntimeOnly:0 HLODRelevant:0
 |   |   |- [+] [ 10]
 |   |   |   |- Guid:9AEABCD04D6C8DC432F878A768962E97 BaseClass: NativeClass:/Script/Engine.StaticMeshActor Name:StaticMeshActor_UAID_309C2303EAC2A08501_2130949774 Label:SM_Cube46 SpatiallyLoaded:1 Bounds:IsValid=true, Min=(X=-5202.677 Y=9104.795 Z=253.465), Max=(X=-4409.410 Y=9154.795 Z=416.623) RuntimeGrid:None EditorOnly:0 RuntimeOnly:0 HLODRelevant:1 FolderPath:Playground FolderGuid:6C02BB504B69D1F3D7A624B130C18E5B
 |   |   |- [+] [ 11]
 |   |   |   |- Guid:F472FD1C4F005EC323E652BDAAE46B94 BaseClass: NativeClass:/Script/Engine.DirectionalLight Name:DirectionalLight_1 Label:DirectionalLight SpatiallyLoaded:0 Bounds:IsValid=true, Min=(X=-4398046511104.000 Y=-4398046511104.000 Z=-4398046511104.000), Max=(X=4398046511104.000 Y=4398046511104.000 Z=4398046511104.000) RuntimeGrid:None EditorOnly:0 RuntimeOnly:0 HLODRelevant:0 FolderPath:Lighting FolderGuid:0BA5F0A04EADB18E70D5B180D08FA34B
 |   |   |- [+] [ 12]
 |   |   |   |- Guid:EEB6B81A42F894A6102835BB3A677D5A BaseClass: NativeClass:/Script/Engine.StaticMeshActor Name:StaticMeshActor_UAID_309C2303EAC2638501_1490952045 Label:SM_Cube23 SpatiallyLoaded:1 Bounds:IsValid=true, Min=(X=-5175.294 Y=4682.091 Z=-50.000), Max=(X=-5125.294 Y=8212.296 Z=362.609) RuntimeGrid:None EditorOnly:0 RuntimeOnly:0 HLODRelevant:1 FolderPath:Playground FolderGuid:6C02BB504B69D1F3D7A624B130C18E5B
 |   |   |- [+] [ 13]
 |   |   |   |- Guid:0A36EA1B46E8337953477C9A0AFF59E2 BaseClass: NativeClass:/Script/Engine.StaticMeshActor Name:StaticMeshActor_UAID_309C2303EAC2678501_1700742763 Label:SM_Cube35 SpatiallyLoaded:1 Bounds:IsValid=true, Min=(X=-4761.254 Y=7954.304 Z=-50.000), Max=(X=-3138.713 Y=8004.304 Z=349.443) RuntimeGrid:None EditorOnly:0 RuntimeOnly:0 HLODRelevant:1 FolderPath:Playground FolderGuid:6C02BB504B69D1F3D7A624B130C18E5B
 |   |   |- [+] [ 14]
 |   |   |   |- Guid:0944B1194FAE92D9F9D3B9BD4F9196F0 BaseClass: NativeClass:/Script/Engine.StaticMeshActor Name:StaticMeshActor_UAID_309C2303EAC2658501_1453430405 Label:SM_Cube30 SpatiallyLoaded:1 Bounds:IsValid=true, Min=(X=-4779.444 Y=8813.468 Z=-50.000), Max=(X=-3635.985 Y=8863.468 Z=248.305) RuntimeGrid:None EditorOnly:0 RuntimeOnly:0 HLODRelevant:1 FolderPath:Playground FolderGuid:6C02BB504B69D1F3D7A624B130C18E5B
 |   |   |- [+] [ 15]
 |   |   |   |- Guid:457048494504D52F24ECBDA6BE95F133 BaseClass: NativeClass:/Script/Engine.StaticMeshActor Name:StaticMeshActor_UAID_B42E99C078727A8701_1149838195 Label:SM_Cube47 SpatiallyLoaded:1 Bounds:IsValid=true, Min=(X=-4695.351 Y=9104.795 Z=-50.000), Max=(X=-3129.324 Y=9154.795 Z=429.264) RuntimeGrid:None EditorOnly:0 RuntimeOnly:0 HLODRelevant:1 FolderPath:Playground FolderGuid:6C02BB504B69D1F3D7A624B130C18E5B
 |   |   |- [+] [ 16]
 |   |   |   |- Guid:9183C792494A4AEC0D89C29344735515 BaseClass: NativeClass:/Script/Engine.StaticMeshActor Name:StaticMeshActor_UAID_309C2303EAC2658501_1534934406 Label:SM_Cube31 SpatiallyLoaded:1 Bounds:IsValid=true, Min=(X=-3443.508 Y=8813.263 Z=-50.000), Max=(X=-3151.673 Y=8863.263 Z=246.927) RuntimeGrid:None EditorOnly:0 RuntimeOnly:0 HLODRelevant:1 FolderPath:Playground FolderGuid:6C02BB504B69D1F3D7A624B130C18E5B
 |   |   |- [+] [ 17]
 |   |   |   |- Guid:46C87DFC42B36521408FDB864387C711 BaseClass: NativeClass:/Script/Engine.SkyLight Name:SkyLight_0 Label:SkyLight SpatiallyLoaded:0 Bounds:IsValid=true, Min=(X=-9812.636 Y=-0.000 Z=690.000), Max=(X=-9812.636 Y=-0.000 Z=690.000) RuntimeGrid:None EditorOnly:0 RuntimeOnly:0 HLODRelevant:0 FolderPath:Lighting FolderGuid:0BA5F0A04EADB18E70D5B180D08FA34B
 |   |   |- [+] [ 18]
 |   |   |   |- Guid:CA6CBD8843F49E941B24ED8CC0407851 BaseClass: NativeClass:/Script/Engine.StaticMeshActor Name:StaticMeshActor_UAID_309C2303EAC2658501_1345782404 Label:SM_Cube29 SpatiallyLoaded:1 Bounds:IsValid=true, Min=(X=-5729.694 Y=4670.890 Z=-35.112), Max=(X=-3142.049 Y=9149.297 Z=14.888) RuntimeGrid:None EditorOnly:0 RuntimeOnly:0 HLODRelevant:1 FolderPath:Playground FolderGuid:6C02BB504B69D1F3D7A624B130C18E5B
 |   |   |- [+] [ 19]
 |   |   |   |- Guid:8A05B17B437E02602617229AC2B95AFD BaseClass: NativeClass:/Script/NavigationSystem.RecastNavMesh Name:RecastNavMesh_UAID_309C2303EAC2E97701-Default Label:RecastNavMesh-Default SpatiallyLoaded:0 Bounds:IsValid=true, Min=(X=0.000 Y=0.000 Z=0.000), Max=(X=0.000 Y=0.000 Z=0.000) RuntimeGrid:None EditorOnly:0 RuntimeOnly:0 HLODRelevant:0
 |   |   |- [+] [ 20]
 |   |   |   |- Guid:30148EBD4F58ABD230CCC483ECAFF010 BaseClass: NativeClass:/Script/Engine.StaticMeshActor Name:StaticMeshActor_UAID_309C2303EAC2648501_1630442223 Label:SM_Cube24 SpatiallyLoaded:1 Bounds:IsValid=true, Min=(X=-4779.056 Y=8762.025 Z=-107.691), Max=(X=-4729.056 Y=8863.400 Z=249.110) RuntimeGrid:None EditorOnly:0 RuntimeOnly:0 HLODRelevant:1 FolderPath:Playground FolderGuid:6C02BB504B69D1F3D7A624B130C18E5B
 |   |   |- [+] [ 21]
 |   |   |   |- Guid:40A1066D4D01E0275E615B925C2725C7 BaseClass: NativeClass:/Script/Engine.StaticMeshActor Name:StaticMeshActor_UAID_309C2303EAC2678501_1731377764 Label:SM_Cube36 SpatiallyLoaded:1 Bounds:IsValid=true, Min=(X=-3842.220 Y=7953.052 Z=-50.000), Max=(X=-3792.220 Y=8855.212 Z=349.443) RuntimeGrid:None EditorOnly:0 RuntimeOnly:0 HLODRelevant:1 FolderPath:Playground FolderGuid:6C02BB504B69D1F3D7A624B130C18E5B
 |   |   |- [+] [ 22]
 |   |   |   |- Guid:C772B724485B0072557457B70A837A4F BaseClass: NativeClass:/Script/Engine.StaticMeshActor Name:StaticMeshActor_UAID_309C2303EAC2A08501_1678323771 Label:SM_Cube40 SpatiallyLoaded:1 Bounds:IsValid=true, Min=(X=-5208.316 Y=9066.040 Z=-50.236), Max=(X=-5113.145 Y=9116.040 Z=416.603) RuntimeGrid:None EditorOnly:0 RuntimeOnly:0 HLODRelevant:1 FolderPath:Playground FolderGuid:6C02BB504B69D1F3D7A624B130C18E5B
 |   |   |- [+] [ 23]
 |   |   |   |- Guid:6CD74D3A449C91564D0F2F89664DF384 BaseClass: NativeClass:/Script/Engine.StaticMeshActor Name:StaticMeshActor_UAID_309C2303EAC2748501_1225982065 Label:SM_Cube43 SpatiallyLoaded:1 Bounds:IsValid=true, Min=(X=-5754.728 Y=4620.890 Z=-35.112), Max=(X=-3142.049 Y=4670.890 Z=429.730) RuntimeGrid:None EditorOnly:0 RuntimeOnly:0 HLODRelevant:1 FolderPath:Playground FolderGuid:6C02BB504B69D1F3D7A624B130C18E5B
 |   |   |- [+] [ 24]
 |   |   |   |- Guid:5FCD1D3F494CD1C6DA6D4CB4F8D27736 BaseClass: NativeClass:/Script/Engine.PointLight Name:PointLight_UAID_309C2303EAC2738501_1999075881 Label:PointLight SpatiallyLoaded:1 Bounds:IsValid=true, Min=(X=-6590.313 Y=8020.832 Z=-747.451), Max=(X=-4590.313 Y=10020.832 Z=1252.549) RuntimeGrid:None EditorOnly:0 RuntimeOnly:0 HLODRelevant:0
 |   |   |- [+] [ 25]
 |   |   |   |- Guid:14DDFD4848385C8C5961958FF6048628 BaseClass: NativeClass:/Script/Engine.PlayerStart Name:PlayerStart_0 Label:PlayerStart SpatiallyLoaded:0 Bounds:IsValid=true, Min=(X=-4784.561 Y=8613.438 Z=0.013), Max=(X=-4704.561 Y=8693.438 Z=184.013) RuntimeGrid:None EditorOnly:0 RuntimeOnly:0 HLODRelevant:0
 |   |   |- [+] [ 26]
 |   |   |   |- Guid:909620B94F9677A170E60E8A1E6FC93D BaseClass: NativeClass:/Script/Engine.StaticMeshActor Name:StaticMeshActor_UAID_B42E99C07872918701_2030895240 Label:SM_Cube48 SpatiallyLoaded:1 Bounds:IsValid=true, Min=(X=-5730.701 Y=7365.451 Z=252.364), Max=(X=-5680.701 Y=8158.718 Z=415.522) RuntimeGrid:None EditorOnly:0 RuntimeOnly:0 HLODRelevant:1 FolderPath:Playground FolderGuid:6C02BB504B69D1F3D7A624B130C18E5B
 |   |   |- [+] [ 27]
 |   |   |   |- Guid:2E454FE9448F0AF7615D46AF79DAD856 BaseClass: NativeClass:/Script/Engine.StaticMeshActor Name:StaticMeshActor_UAID_B42E99C07872928701_1214832420 Label:SM_Cube37 SpatiallyLoaded:1 Bounds:IsValid=true, Min=(X=-5730.701 Y=8731.888 Z=355.448), Max=(X=-5680.701 Y=9017.470 Z=463.875) RuntimeGrid:None EditorOnly:0 RuntimeOnly:0 HLODRelevant:1 FolderPath:Playground FolderGuid:6C02BB504B69D1F3D7A624B130C18E5B
 |   |   |- [+] [ 28]
 |   |   |   |- Guid:143A611E431DEC9EA7CFC6A3E66CDE58 BaseClass: NativeClass:/Script/Engine.StaticMeshActor Name:StaticMeshActor_UAID_309C2303EAC2648501_2007175226 Label:SM_Cube27 SpatiallyLoaded:1 Bounds:IsValid=true, Min=(X=-5731.618 Y=9104.795 Z=-50.000), Max=(X=-5202.677 Y=9154.795 Z=416.623) RuntimeGrid:None EditorOnly:0 RuntimeOnly:0 HLODRelevant:1 FolderPath:Playground FolderGuid:6C02BB504B69D1F3D7A624B130C18E5B
 |   |   |- [+] [ 29]
 |   |   |   |- Guid:9218A93C4B54CE408FD58DAD0A1556EB BaseClass: NativeClass:/Script/Engine.StaticMeshActor Name:StaticMeshActor_UAID_309C2303EAC2A08501_1790971772 Label:SM_Cube41 SpatiallyLoaded:1 Bounds:IsValid=true, Min=(X=-5131.765 Y=9104.795 Z=-50.000), Max=(X=-4695.351 Y=9154.795 Z=136.082) RuntimeGrid:None EditorOnly:0 RuntimeOnly:0 HLODRelevant:1 FolderPath:Playground FolderGuid:6C02BB504B69D1F3D7A624B130C18E5B
 |   |   |- [+] [ 30]
 |   |   |   |- Guid:6786BFF943B7E3CDB6CD90BB3AE46BF2 BaseClass: NativeClass:/Script/Engine.StaticMeshActor Name:StaticMeshActor_UAID_309C2303EAC29E8501_1813280417 Label:SM_Cube45 SpatiallyLoaded:1 Bounds:IsValid=true, Min=(X=-5730.701 Y=8961.623 Z=-50.000), Max=(X=-5680.701 Y=9119.196 Z=416.508) RuntimeGrid:None EditorOnly:0 RuntimeOnly:0 HLODRelevant:1 FolderPath:Playground FolderGuid:6C02BB504B69D1F3D7A624B130C18E5B
 |   |   |- [+] [ 31]
 |   |   |   |- Guid:5D55548A434E15A63BA413959748538E BaseClass:/Game/ModernHouse/Blueprints/BP_Backside_Door.BP_Backside_Door_C NativeClass:/Script/Engine.Actor Name:BP_Backside_Door_C_UAID_309C2303EAC2A08501_1807704773 Label:BP_Backside_Door SpatiallyLoaded:1 Bounds:IsValid=true, Min=(X=-5118.970 Y=9037.462 Z=139.810), Max=(X=-4696.892 Y=9205.525 Z=253.705) RuntimeGrid:None EditorOnly:0 RuntimeOnly:0 HLODRelevant:0
 |   |   |- [+] [ 32]
 |   |   |   |- Guid:B219E0A74CAEC9C12CB5DF908A098310 BaseClass: NativeClass:/Script/Engine.ExponentialHeightFog Name:ExponentialHeightFog_0 Label:ExponentialHeightFog SpatiallyLoaded:0 Bounds:IsValid=true, Min=(X=-17321.299 Y=-50.000 Z=-6850.000), Max=(X=-17321.299 Y=-50.000 Z=-6850.000) RuntimeGrid:None EditorOnly:0 RuntimeOnly:0 HLODRelevant:0 FolderPath:Lighting FolderGuid:0BA5F0A04EADB18E70D5B180D08FA34B
 |   |   |- [+] [ 33]
 |   |   |   |- Guid:815E9D414F06CFB6540689A2C668D013 BaseClass: NativeClass:/Script/Engine.StaticMeshActor Name:StaticMeshActor_UAID_309C2303EAC29E8501_1808527416 Label:Glass SpatiallyLoaded:1 Bounds:IsValid=true, Min=(X=-5685.375 Y=8807.550 Z=-50.000), Max=(X=-5680.701 Y=8950.407 Z=352.186) RuntimeGrid:None EditorOnly:0 RuntimeOnly:0 HLODRelevant:1 FolderPath:Playground FolderGuid:6C02BB504B69D1F3D7A624B130C18E5B
 |   |   |- [+] [ 34]
 |   |   |   |- Guid:693971244F10313C88AD6D9437D2EB50 BaseClass: NativeClass:/Script/Engine.PointLight Name:PointLight_UAID_309C2303EAC29A8501_2079871712 Label:PointLight7 SpatiallyLoaded:1 Bounds:IsValid=true, Min=(X=-4340.673 Y=7891.735 Z=-747.451), Max=(X=-2340.673 Y=9891.735 Z=1252.549) RuntimeGrid:None EditorOnly:0 RuntimeOnly:0 HLODRelevant:0
 |   |   |- [+] [ 35]
 |   |   |   |- Guid:9C94685A4D65F163EA1FD3A9EC7A7442 BaseClass: NativeClass:/Script/Engine.VolumetricCloud Name:VolumetricCloud_0 Label:VolumetricCloud SpatiallyLoaded:0 Bounds:IsValid=true, Min=(X=-10232.534 Y=0.000 Z=820.000), Max=(X=-10232.534 Y=0.000 Z=820.000) RuntimeGrid:None EditorOnly:0 RuntimeOnly:0 HLODRelevant:0 FolderPath:Lighting FolderGuid:0BA5F0A04EADB18E70D5B180D08FA34B
 |   |   |- [+] [ 36]
 |   |   |   |- Guid:2F0AA76E420C0D199E64E38E60A908BF BaseClass: NativeClass:/Script/Engine.StaticMeshActor Name:StaticMeshActor_UAID_B42E99C07872928701_1139568419 Label:SM_Cube34 SpatiallyLoaded:1 Bounds:IsValid=true, Min=(X=-4779.056 Y=7863.553 Z=-20.008), Max=(X=-4729.056 Y=8185.134 Z=367.855) RuntimeGrid:None EditorOnly:0 RuntimeOnly:0 HLODRelevant:1 FolderPath:Playground FolderGuid:6C02BB504B69D1F3D7A624B130C18E5B
 |   |   |- [+] [ 37]
 |   |   |   |- Guid:8ACD9A4B41446834DD8ECE8EAA66A7B0 BaseClass: NativeClass:/Script/Engine.StaticMeshActor Name:StaticMeshActor_UAID_309C2303EAC2658501_1150090403 Label:SM_Cube28 SpatiallyLoaded:1 Bounds:IsValid=true, Min=(X=-5730.701 Y=8158.718 Z=-50.000), Max=(X=-5680.701 Y=8807.310 Z=415.522) RuntimeGrid:None EditorOnly:0 RuntimeOnly:0 HLODRelevant:1 FolderPath:Playground FolderGuid:6C02BB504B69D1F3D7A624B130C18E5B
 |   |   |- [+] [ 38]
 |   |   |   |- Guid:CFF5380F4BDDFA6FBCEB08B1498E02C1 BaseClass: NativeClass:/Script/Engine.PointLight Name:PointLight_UAID_309C2303EAC2738501_2096978887 Label:PointLight6 SpatiallyLoaded:1 Bounds:IsValid=true, Min=(X=-6086.426 Y=3566.845 Z=-747.451), Max=(X=-4086.426 Y=5566.845 Z=1252.549) RuntimeGrid:None EditorOnly:0 RuntimeOnly:0 HLODRelevant:0
 |   |   |- [+] [ 39]
 |   |   |   |- Guid:849B41424F1C244855A3D99E6B346315 BaseClass: NativeClass:/Script/Engine.StaticMeshActor Name:StaticMeshActor_UAID_309C2303EAC2648501_1671791224 Label:SM_Cube25 SpatiallyLoaded:1 Bounds:IsValid=true, Min=(X=-4779.056 Y=4460.892 Z=243.758), Max=(X=-4729.056 Y=8863.404 Z=446.967) RuntimeGrid:None EditorOnly:0 RuntimeOnly:0 HLODRelevant:1 FolderPath:Playground FolderGuid:6C02BB504B69D1F3D7A624B130C18E5B
 |   |   |- [+] [ 40]
 |   |   |   |- Guid:628550484C6FA77DD6B62188EBDC627B BaseClass: NativeClass:/Script/Engine.StaticMeshActor Name:StaticMeshActor_UAID_B42E99C07872918701_2030903241 Label:SM_Cube42 SpatiallyLoaded:1 Bounds:IsValid=true, Min=(X=-5730.701 Y=7722.304 Z=-50.000), Max=(X=-5680.701 Y=8158.718 Z=136.082) RuntimeGrid:None EditorOnly:0 RuntimeOnly:0 HLODRelevant:1 FolderPath:Playground FolderGuid:6C02BB504B69D1F3D7A624B130C18E5B
 |   |   |- [+] [ 41]
 |   |   |   |- Guid:AE41E62C4065546FA9117BACA6FCAB74 BaseClass: NativeClass:/Script/Engine.StaticMeshActor Name:StaticMeshActor_UAID_309C2303EAC2648501_1977376225 Label:SM_Cube26 SpatiallyLoaded:1 Bounds:IsValid=true, Min=(X=-5695.053 Y=8162.296 Z=-50.000), Max=(X=-5125.294 Y=8212.296 Z=414.766) RuntimeGrid:None EditorOnly:0 RuntimeOnly:0 HLODRelevant:1 FolderPath:Playground FolderGuid:6C02BB504B69D1F3D7A624B130C18E5B
 |   |   |- [+] [ 42]
 |   |   |   |- Guid:7C8E017E43405270558C79A661DD6DB8 BaseClass: NativeClass:/Script/Engine.StaticMeshActor Name:StaticMeshActor_UAID_309C2303EAC2658501_1849769408 Label:SM_Cube33 SpatiallyLoaded:1 Bounds:IsValid=true, Min=(X=-3185.980 Y=4406.616 Z=-50.000), Max=(X=-3135.980 Y=9154.301 Z=349.443) RuntimeGrid:None EditorOnly:0 RuntimeOnly:0 HLODRelevant:1 FolderPath:Playground FolderGuid:6C02BB504B69D1F3D7A624B130C18E5B
 |   |   |- [+] [ 43]
 |   |   |   |- Guid:0F2EE4F64208D7DDACC37DB7BC48A3F3 BaseClass: NativeClass:/Script/Engine.StaticMeshActor Name:StaticMeshActor_UAID_309C2303EAC2658501_1589534407 Label:SM_Cube32 SpatiallyLoaded:1 Bounds:IsValid=true, Min=(X=-4729.056 Y=8813.469 Z=247.151), Max=(X=-3153.409 Y=8863.469 Z=347.570) RuntimeGrid:None EditorOnly:0 RuntimeOnly:0 HLODRelevant:1 FolderPath:Playground FolderGuid:6C02BB504B69D1F3D7A624B130C18E5B
 |- ContainerInstances:
 |- [+] MainContainer:
 |   |-        ID: 0x0000000000000000
 |   |-    Bounds: IsValid=false, Min=(X=0.000 Y=0.000 Z=0.000), Max=(X=0.000 Y=0.000 Z=0.000)
 |   |- Transform: 0.000000,0.000000,0.000000|0.000000,0.000000,-0.000000|1.000000,1.000000,1.000000
 |   |- Container: /Game/_ZombieProject/Maps/Mario
----------------------------------------------------------------------------------------------------------------
Mario - Persistent Level
----------------------------------------------------------------------------------------------------------------
Always loaded Actor Count: 51 

----------------------------------------------------------------------------------------------------------------
Mario - Runtime Spatial Hash - Streaming Grid - MainGrid
----------------------------------------------------------------------------------------------------------------
            Origin: X=0.000 Y=0.000 Z=0.000
         Cell Size: 12800
      World Bounds: IsValid=false, Min=(X=0.000 Y=0.000 Z=0.000), Max=(X=0.000 Y=0.000 Z=0.000)
     Loading Range: 25600.00
Block Slow Loading: No
 ClientOnlyVisible: No

[+] Grid Levels: 1
 |- Level  0: Cell Count    0 | Cell Size   12800 | Actor Count    0 (0.0%)

[+] Content of Grid Level 0

